<?xml version="1.0" encoding="UTF-8"?>
<!-- Generated by org.testng.reporters.JUnitReportReporter -->
<testsuite hostname="DESKTOP-AFT8QP2" failures="0" tests="1" name="cucumber.TestNGTestRunner" time="8.043" errors="0" timestamp="2025-01-04T10:20:58 IST" skipped="0">
  <testcase classname="cucumber.TestNGTestRunner" name="runScenario" time="8.043"/>
</testsuite> <!-- cucumber.TestNGTestRunner -->
