<?xml version="1.0" encoding="UTF-8"?>
<!-- Generated by org.testng.reporters.JUnitReportReporter -->
<testsuite hostname="DESKTOP-AFT8QP2" failures="0" tests="2" name="rahulshettyacademy.tests.ErrorValidation" time="10.911" errors="0" timestamp="2024-12-02T21:24:45 IST" skipped="0">
  <testcase classname="rahulshettyacademy.tests.ErrorValidation" name="loginErrorValidation" time="3.025"/>
  <testcase classname="rahulshettyacademy.tests.ErrorValidation" name="productErrorValidation" time="7.886"/>
</testsuite> <!-- rahulshettyacademy.tests.ErrorValidation -->
