<?xml version="1.0" encoding="UTF-8"?>
<!-- Generated by org.testng.reporters.JUnitReportReporter -->
<testsuite hostname="DESKTOP-AFT8QP2" failures="0" tests="2" name="rahulshettyacademy.tests.SubmitOrderTest" time="21.488" errors="0" timestamp="2024-12-27T15:36:55 IST" skipped="0">
  <testcase classname="rahulshettyacademy.tests.SubmitOrderTest" name="submitOrder" time="10.398"/>
  <testcase classname="rahulshettyacademy.tests.SubmitOrderTest" name="submitOrder" time="11.090"/>
</testsuite> <!-- rahulshettyacademy.tests.SubmitOrderTest -->
