<?xml version="1.0" encoding="UTF-8"?>
<!-- Generated by org.testng.reporters.JUnitReportReporter -->
<testsuite hostname="DESKTOP-AFT8QP2" failures="0" tests="2" name="rahulshettyacademy.tests.ErrorValidationTest" time="24.169" errors="0" timestamp="2024-12-27T21:44:13 IST" skipped="0">
  <testcase classname="rahulshettyacademy.tests.ErrorValidationTest" name="loginErrorValidation" time="11.509"/>
  <testcase classname="rahulshettyacademy.tests.ErrorValidationTest" name="productErrorValidation" time="12.660"/>
</testsuite> <!-- rahulshettyacademy.tests.ErrorValidationTest -->
