<?xml version="1.0" encoding="UTF-8"?>
<!-- Generated by org.testng.reporters.JUnitReportReporter -->
<testsuite hostname="DESKTOP-AFT8QP2" failures="0" tests="1" name="cucumber.TestNGTestRunner" time="12.908" errors="0" timestamp="2025-01-04T10:50:23 IST" skipped="0">
  <testcase classname="cucumber.TestNGTestRunner" name="runScenario" time="12.908"/>
</testsuite> <!-- cucumber.TestNGTestRunner -->
