<?xml version="1.0" encoding="UTF-8"?>
<!-- Generated by org.testng.reporters.JUnitReportReporter -->
<testsuite hostname="DESKTOP-AFT8QP2" failures="0" tests="3" name="rahulshettyacademy.tests.SubmitOrderTest" time="40.115" errors="0" timestamp="2024-12-27T21:44:13 IST" skipped="0">
  <testcase classname="rahulshettyacademy.tests.SubmitOrderTest" name="submitOrder" time="11.006"/>
  <testcase classname="rahulshettyacademy.tests.SubmitOrderTest" name="orderHistory" time="15.161"/>
  <testcase classname="rahulshettyacademy.tests.SubmitOrderTest" name="submitOrder" time="13.948"/>
</testsuite> <!-- rahulshettyacademy.tests.SubmitOrderTest -->
